<?xml version="1.0" encoding="UTF-8"?>
<testng-results ignored="0" total="1" passed="1" failed="0" skipped="0">
  <reporter-output>
  </reporter-output>
  <suite started-at="2024-08-15T17:43:55 IST" name="Default suite" finished-at="2024-08-15T17:43:55 IST" duration-ms="226">
    <groups>
    </groups>
    <test started-at="2024-08-15T17:43:55 IST" name="Default test" finished-at="2024-08-15T17:43:55 IST" duration-ms="226">
      <class name="helloWorld.myTest1">
        <test-method is-config="true" signature="test0()[pri:0, instance:helloWorld.myTest1@23941fb4]" started-at="2024-08-15T17:43:55 IST" name="test0" finished-at="2024-08-15T17:43:55 IST" duration-ms="38" status="PASS">
          <reporter-output>
          </reporter-output>
        </test-method> <!-- test0 -->
        <test-method signature="test1()[pri:0, instance:helloWorld.myTest1@23941fb4]" started-at="2024-08-15T17:43:55 IST" name="test1" finished-at="2024-08-15T17:43:55 IST" duration-ms="20" status="PASS">
          <reporter-output>
          </reporter-output>
        </test-method> <!-- test1 -->
        <test-method is-config="true" signature="test3()[pri:0, instance:helloWorld.myTest1@23941fb4]" started-at="2024-08-15T17:43:55 IST" name="test3" finished-at="2024-08-15T17:43:55 IST" duration-ms="3" status="PASS">
          <reporter-output>
          </reporter-output>
        </test-method> <!-- test3 -->
      </class> <!-- helloWorld.myTest1 -->
    </test> <!-- Default test -->
  </suite> <!-- Default suite -->
</testng-results>
